640.0
632.0
0.2
640.0
624.0
0.939
632.0
616.0
0.809
624.0
608.0
0.689
616.0
600.0
0.27
608.0
592.0
0.621
600.0
584.0
0.125
592.0
576.0
0.264
584.0
568.0
0.495
576.0
560.0
0.306
568.0
552.0
0.469
560.0
544.0
0.383
552.0
536.0
0.77
544.0
528.0
0.671
536.0
520.0
0.253
528.0
512.0
0.507
520.0
504.0
0.217
512.0
496.0
0.525
504.0
488.0
0.572
496.0
480.0
0.021
488.0
472.0
841
480.0
464.0
89
472.0
456.0
820
464.0
448.0
122
456.0
440.0
744
448.0
432.0
797
440.0
424.0
361
432.0
416.0
259
424.0
408.0
19
416.0
400.0
435
408.0
392.0
692.047
400.0
384.0
384.714
392.0
376.0
988.387
384.0
368.0
221.516
376.0
360.0
712.368
368.0
352.0
355.144
360.0
344.0
474.429
352.0
336.0
918.09
344.0
328.0
835.45
336.0
320.0
323.724
328.0
312.0
353.307
320.0
304.0
960.799
312.0
296.0
782.179
304.0
288.0
238.715
296.0
280.0
504.077
288.0
272.0
517.143
280.0
264.0
836.808
272.0
256.0
150.449
264.0
248.0
324.068
256.0
240.0
349.014
248.0
232.0
351.384
240.0
224.0
17.454
232.0
216.0
897.642
224.0
208.0
48.416
216.0
200.0
711.745
208.0
192.0
416.331
200.0
184.0
946.349
192.0
176.0
402.771
184.0
168.0
574.834
176.0
160.0
317.116
168.0
152.0
694.176
160.0
144.0
114.248
152.0
136.0
431.683
144.0
128.0
101.892
136.0
120.0
506.847
128.0
112.0
24.242
120.0
104.0
863.343
112.0
96.0
264.422
104.0
88.0
246.307
96.0
80.0
545.98
88.0
72.0
8.906
80.0
64.0
858.554
72.0
56.0
962.089
64.0
48.0
588.031
56.0
40.0
608.048
48.0
32.0
177.642
40.0
24.0
8.496
32.0
16.0
460.306
24.0
8.0
389.309
16.0
0.0
321.169
8.0
